e:\skrivbord\fgnetworkinggameemil-main\fgnetworkinggameemil-main\build\server\vc142.pdb
e:\skrivbord\fgnetworkinggameemil-main\fgnetworkinggameemil-main\build\server\vc142.idb
e:\skrivbord\fgnetworkinggameemil-main\fgnetworkinggameemil-main\build\server\engine.obj
e:\skrivbord\fgnetworkinggameemil-main\fgnetworkinggameemil-main\build\server\clientmain.obj
e:\skrivbord\fgnetworkinggameemil-main\fgnetworkinggameemil-main\build\server\player.obj
e:\skrivbord\fgnetworkinggameemil-main\fgnetworkinggameemil-main\build\server\servermain.obj
e:\skrivbord\fgnetworkinggameemil-main\fgnetworkinggameemil-main\build\server\server.obj
e:\skrivbord\fgnetworkinggameemil-main\fgnetworkinggameemil-main\build\server\projectile.obj
e:\skrivbord\fgnetworkinggameemil-main\fgnetworkinggameemil-main\build\server\network.obj
e:\skrivbord\fgnetworkinggameemil-main\fgnetworkinggameemil-main\build\server\client.obj
e:\skrivbord\fgnetworkinggameemil-main\fgnetworkinggameemil-main\build\server\binarystream.obj
e:\skrivbord\fgnetworkinggameemil-main\fgnetworkinggameemil-main\build\server\level.obj
e:\skrivbord\fgnetworkinggameemil-main\fgnetworkinggameemil-main\build\server\particle.obj
e:\skrivbord\fgnetworkinggameemil-main\fgnetworkinggameemil-main\build\server\particleemitter.obj
e:\skrivbord\fgnetworkinggameemil-main\fgnetworkinggameemil-main\build\server\laser.obj
e:\skrivbord\fgnetworkinggameemil-main\fgnetworkinggameemil-main\bin\game_server.exe
e:\skrivbord\fgnetworkinggameemil-main\fgnetworkinggameemil-main\bin\game_server.ilk
e:\skrivbord\fgnetworkinggameemil-main\fgnetworkinggameemil-main\bin\game_server.pdb
e:\skrivbord\fgnetworkinggameemil-main\fgnetworkinggameemil-main\build\server\tinyengine.tlog\cl.command.1.tlog
e:\skrivbord\fgnetworkinggameemil-main\fgnetworkinggameemil-main\build\server\tinyengine.tlog\cl.read.1.tlog
e:\skrivbord\fgnetworkinggameemil-main\fgnetworkinggameemil-main\build\server\tinyengine.tlog\cl.write.1.tlog
e:\skrivbord\fgnetworkinggameemil-main\fgnetworkinggameemil-main\build\server\tinyengine.tlog\link.command.1.tlog
e:\skrivbord\fgnetworkinggameemil-main\fgnetworkinggameemil-main\build\server\tinyengine.tlog\link.read.1.tlog
e:\skrivbord\fgnetworkinggameemil-main\fgnetworkinggameemil-main\build\server\tinyengine.tlog\link.write.1.tlog
